[2025-11-04T11:47:26.349+0000] {local_task_job_runner.py:120} INFO - ::group::Pre task execution logs
[2025-11-04T11:47:26.396+0000] {taskinstance.py:2076} INFO - Dependencies all met for dep_context=non-requeueable deps ti=<TaskInstance: etl_pipeline.transform_data manual__2025-11-04T11:46:21.957979+00:00 [queued]>
[2025-11-04T11:47:26.411+0000] {taskinstance.py:2076} INFO - Dependencies all met for dep_context=requeueable deps ti=<TaskInstance: etl_pipeline.transform_data manual__2025-11-04T11:46:21.957979+00:00 [queued]>
[2025-11-04T11:47:26.413+0000] {taskinstance.py:2306} INFO - Starting attempt 1 of 1
[2025-11-04T11:47:26.430+0000] {taskinstance.py:2330} INFO - Executing <Task(PythonOperator): transform_data> on 2025-11-04 11:46:21.957979+00:00
[2025-11-04T11:47:26.448+0000] {standard_task_runner.py:90} INFO - Running: ['***', 'tasks', 'run', 'etl_pipeline', 'transform_data', 'manual__2025-11-04T11:46:21.957979+00:00', '--job-id', '17', '--raw', '--subdir', 'DAGS_FOLDER/Pipeline.py', '--cfg-path', '/tmp/tmpq54nwo4c']
[2025-11-04T11:47:26.452+0000] {standard_task_runner.py:91} INFO - Job 17: Subtask transform_data
[2025-11-04T11:47:26.453+0000] {logging_mixin.py:188} WARNING - /home/***/.local/lib/python3.12/site-packages/***/task/task_runner/standard_task_runner.py:61 DeprecationWarning: This process (pid=412) is multi-threaded, use of fork() may lead to deadlocks in the child.
[2025-11-04T11:47:26.454+0000] {standard_task_runner.py:63} INFO - Started process 413 to run task
[2025-11-04T11:47:26.573+0000] {task_command.py:426} INFO - Running <TaskInstance: etl_pipeline.transform_data manual__2025-11-04T11:46:21.957979+00:00 [running]> on host a657518b2a5e
[2025-11-04T11:47:26.669+0000] {taskinstance.py:2648} INFO - Exporting env vars: AIRFLOW_CTX_DAG_OWNER='***' AIRFLOW_CTX_DAG_ID='etl_pipeline' AIRFLOW_CTX_TASK_ID='transform_data' AIRFLOW_CTX_EXECUTION_DATE='2025-11-04T11:46:21.957979+00:00' AIRFLOW_CTX_TRY_NUMBER='1' AIRFLOW_CTX_DAG_RUN_ID='manual__2025-11-04T11:46:21.957979+00:00'
[2025-11-04T11:47:26.670+0000] {taskinstance.py:430} INFO - ::endgroup::
[2025-11-04T11:47:26.767+0000] {taskinstance.py:441} INFO - ::group::Post task execution logs
[2025-11-04T11:47:26.770+0000] {taskinstance.py:2905} ERROR - Task failed with exception
Traceback (most recent call last):
  File "/home/airflow/.local/lib/python3.12/site-packages/airflow/models/taskinstance.py", line 465, in _execute_task
    result = _execute_callable(context=context, **execute_callable_kwargs)
             ^^^^^^^^^^^^^^^^^^^^^^^^^^^^^^^^^^^^^^^^^^^^^^^^^^^^^^^^^^^^^
  File "/home/airflow/.local/lib/python3.12/site-packages/airflow/models/taskinstance.py", line 432, in _execute_callable
    return execute_callable(context=context, **execute_callable_kwargs)
           ^^^^^^^^^^^^^^^^^^^^^^^^^^^^^^^^^^^^^^^^^^^^^^^^^^^^^^^^^^^^
  File "/home/airflow/.local/lib/python3.12/site-packages/airflow/models/baseoperator.py", line 401, in wrapper
    return func(self, *args, **kwargs)
           ^^^^^^^^^^^^^^^^^^^^^^^^^^^
  File "/home/airflow/.local/lib/python3.12/site-packages/airflow/operators/python.py", line 235, in execute
    return_value = self.execute_callable()
                   ^^^^^^^^^^^^^^^^^^^^^^^
  File "/home/airflow/.local/lib/python3.12/site-packages/airflow/operators/python.py", line 252, in execute_callable
    return self.python_callable(*self.op_args, **self.op_kwargs)
           ^^^^^^^^^^^^^^^^^^^^^^^^^^^^^^^^^^^^^^^^^^^^^^^^^^^^^
  File "/opt/airflow/dags/Pipeline.py", line 54, in run_transform
    result = subprocess.run(
             ^^^^^^^^^^^^^^^
  File "/usr/local/lib/python3.12/subprocess.py", line 571, in run
    raise CalledProcessError(retcode, process.args,
subprocess.CalledProcessError: Command '['python', '/opt/airflow/dags/TransformData.py']' returned non-zero exit status 2.
[2025-11-04T11:47:26.800+0000] {taskinstance.py:1206} INFO - Marking task as FAILED. dag_id=etl_pipeline, task_id=transform_data, run_id=manual__2025-11-04T11:46:21.957979+00:00, execution_date=20251104T114621, start_date=20251104T114726, end_date=20251104T114726
[2025-11-04T11:47:26.816+0000] {standard_task_runner.py:110} ERROR - Failed to execute job 17 for task transform_data (Command '['python', '/opt/airflow/dags/TransformData.py']' returned non-zero exit status 2.; 413)
[2025-11-04T11:47:26.830+0000] {local_task_job_runner.py:240} INFO - Task exited with return code 1
[2025-11-04T11:47:26.855+0000] {taskinstance.py:3503} INFO - 0 downstream tasks scheduled from follow-on schedule check
[2025-11-04T11:47:26.860+0000] {local_task_job_runner.py:222} INFO - ::endgroup::
