[2025-11-04T14:14:12.147+0000] {local_task_job_runner.py:120} INFO - ::group::Pre task execution logs
[2025-11-04T14:14:12.361+0000] {taskinstance.py:2076} INFO - Dependencies all met for dep_context=non-requeueable deps ti=<TaskInstance: etl_pipeline.generate_data manual__2025-11-04T14:14:09.029750+00:00 [queued]>
[2025-11-04T14:14:12.386+0000] {taskinstance.py:2076} INFO - Dependencies all met for dep_context=requeueable deps ti=<TaskInstance: etl_pipeline.generate_data manual__2025-11-04T14:14:09.029750+00:00 [queued]>
[2025-11-04T14:14:12.387+0000] {taskinstance.py:2306} INFO - Starting attempt 1 of 1
[2025-11-04T14:14:12.430+0000] {taskinstance.py:2330} INFO - Executing <Task(PythonOperator): generate_data> on 2025-11-04 14:14:09.029750+00:00
[2025-11-04T14:14:12.458+0000] {standard_task_runner.py:90} INFO - Running: ['***', 'tasks', 'run', 'etl_pipeline', 'generate_data', 'manual__2025-11-04T14:14:09.029750+00:00', '--job-id', '93', '--raw', '--subdir', 'DAGS_FOLDER/Pipeline.py', '--cfg-path', '/tmp/tmpd9mvllfu']
[2025-11-04T14:14:12.464+0000] {standard_task_runner.py:91} INFO - Job 93: Subtask generate_data
[2025-11-04T14:14:12.482+0000] {logging_mixin.py:188} WARNING - /home/***/.local/lib/python3.12/site-packages/***/task/task_runner/standard_task_runner.py:61 DeprecationWarning: This process (pid=1646) is multi-threaded, use of fork() may lead to deadlocks in the child.
[2025-11-04T14:14:12.484+0000] {standard_task_runner.py:63} INFO - Started process 1647 to run task
[2025-11-04T14:14:12.593+0000] {task_command.py:426} INFO - Running <TaskInstance: etl_pipeline.generate_data manual__2025-11-04T14:14:09.029750+00:00 [running]> on host 948220e29537
[2025-11-04T14:14:12.821+0000] {taskinstance.py:2648} INFO - Exporting env vars: AIRFLOW_CTX_DAG_OWNER='***' AIRFLOW_CTX_DAG_ID='etl_pipeline' AIRFLOW_CTX_TASK_ID='generate_data' AIRFLOW_CTX_EXECUTION_DATE='2025-11-04T14:14:09.029750+00:00' AIRFLOW_CTX_TRY_NUMBER='1' AIRFLOW_CTX_DAG_RUN_ID='manual__2025-11-04T14:14:09.029750+00:00'
[2025-11-04T14:14:12.823+0000] {taskinstance.py:430} INFO - ::endgroup::
[2025-11-04T14:14:13.304+0000] {logging_mixin.py:188} INFO - STDOUT: 
[2025-11-04T14:14:13.305+0000] {logging_mixin.py:188} INFO - STDERR: Traceback (most recent call last):
  File "/opt/***/dags/DataGenerator.py", line 1, in <module>
    from kafka import KafkaProducer
  File "/home/***/.local/lib/python3.12/site-packages/kafka/__init__.py", line 21, in <module>
    from kafka.consumer import KafkaConsumer
  File "/home/***/.local/lib/python3.12/site-packages/kafka/consumer/__init__.py", line 3, in <module>
    from .simple import SimpleConsumer
  File "/home/***/.local/lib/python3.12/site-packages/kafka/consumer/simple.py", line 13, in <module>
    from kafka.vendor.six.moves import queue # pylint: disable=import-error
    ^^^^^^^^^^^^^^^^^^^^^^^^^^^^^^^^^^^^^^^^
ModuleNotFoundError: No module named 'kafka.vendor.six.moves'
[2025-11-04T14:14:13.308+0000] {taskinstance.py:441} INFO - ::group::Post task execution logs
[2025-11-04T14:14:13.310+0000] {taskinstance.py:2905} ERROR - Task failed with exception
Traceback (most recent call last):
  File "/home/airflow/.local/lib/python3.12/site-packages/airflow/models/taskinstance.py", line 465, in _execute_task
    result = _execute_callable(context=context, **execute_callable_kwargs)
             ^^^^^^^^^^^^^^^^^^^^^^^^^^^^^^^^^^^^^^^^^^^^^^^^^^^^^^^^^^^^^
  File "/home/airflow/.local/lib/python3.12/site-packages/airflow/models/taskinstance.py", line 432, in _execute_callable
    return execute_callable(context=context, **execute_callable_kwargs)
           ^^^^^^^^^^^^^^^^^^^^^^^^^^^^^^^^^^^^^^^^^^^^^^^^^^^^^^^^^^^^
  File "/home/airflow/.local/lib/python3.12/site-packages/airflow/models/baseoperator.py", line 401, in wrapper
    return func(self, *args, **kwargs)
           ^^^^^^^^^^^^^^^^^^^^^^^^^^^
  File "/home/airflow/.local/lib/python3.12/site-packages/airflow/operators/python.py", line 235, in execute
    return_value = self.execute_callable()
                   ^^^^^^^^^^^^^^^^^^^^^^^
  File "/home/airflow/.local/lib/python3.12/site-packages/airflow/operators/python.py", line 252, in execute_callable
    return self.python_callable(*self.op_args, **self.op_kwargs)
           ^^^^^^^^^^^^^^^^^^^^^^^^^^^^^^^^^^^^^^^^^^^^^^^^^^^^^
  File "/opt/airflow/dags/Pipeline.py", line 38, in run_data_generator
    result.check_returncode()
  File "/usr/local/lib/python3.12/subprocess.py", line 502, in check_returncode
    raise CalledProcessError(self.returncode, self.args, self.stdout,
subprocess.CalledProcessError: Command '['python', '/opt/airflow/dags/DataGenerator.py']' returned non-zero exit status 1.
[2025-11-04T14:14:13.351+0000] {taskinstance.py:1206} INFO - Marking task as FAILED. dag_id=etl_pipeline, task_id=generate_data, run_id=manual__2025-11-04T14:14:09.029750+00:00, execution_date=20251104T141409, start_date=20251104T141412, end_date=20251104T141413
[2025-11-04T14:14:13.382+0000] {standard_task_runner.py:110} ERROR - Failed to execute job 93 for task generate_data (Command '['python', '/opt/airflow/dags/DataGenerator.py']' returned non-zero exit status 1.; 1647)
[2025-11-04T14:14:13.433+0000] {local_task_job_runner.py:240} INFO - Task exited with return code 1
[2025-11-04T14:14:13.535+0000] {taskinstance.py:3503} INFO - 0 downstream tasks scheduled from follow-on schedule check
[2025-11-04T14:14:13.544+0000] {local_task_job_runner.py:222} INFO - ::endgroup::
